make all --print-data-base --no-builtin-variables --no-builtin-rules --question
# GNU Make 3.81
# Copyright (C) 2006  Free Software Foundation, Inc.
# This is free software; see the source for copying conditions.
# There is NO warranty; not even for MERCHANTABILITY or FITNESS FOR A
# PARTICULAR PURPOSE.

# This program built for i386-apple-darwin11.3.0
 

# Make data base, printed on Thu Mar  9 17:32:40 2023

# Variables

# automatic
<D = $(patsubst %/,%,$(dir $<))
# automatic
?F = $(notdir $?)
# automatic
?D = $(patsubst %/,%,$(dir $?))
# automatic
@D = $(patsubst %/,%,$(dir $@))
# automatic
@F = $(notdir $@)
# makefile
CURDIR := /Users/aoueldma/Desktop/last_cub
# makefile
SHELL = /bin/sh
# environment
VSCODE_NLS_CONFIG = {"locale":"en-us","availableLanguages":{},"_languagePackSupport":true}
# environment
_ = /usr/bin/make
# makefile (from `makefile', line 3)
CFLAGS = -Wall -Wextra -Werror  
# makefile (from `makefile', line 1)
MAKEFILE_LIST :=  makefile
# environment
VSCODE_CWD = /
# environment
Apple_PubSub_Socket_Render = /private/tmp/com.apple.launchd.UlydqTXQp3/Render
# environment
PATH = /usr/bin:/bin:/usr/sbin:/sbin
# environment
ELECTRON_RUN_AS_NODE = 1
# default
.FEATURES := target-specific order-only second-expansion else-if archives jobserver check-symlink
# environment
SSH_AUTH_SOCK = /private/tmp/com.apple.launchd.q7pPCnMQNn/Listeners
# automatic
%F = $(notdir $%)
# environment
PWD = /Users/aoueldma/Desktop/last_cub
# environment
ORIGINAL_XDG_CURRENT_DESKTOP = undefined
# environment
VSCODE_AMD_ENTRYPOINT = vs/workbench/api/node/extensionHostProcess
# environment
HOME = /Users/aoueldma
# default
MAKEFILEPATH := /Applications/Xcode.app/Contents/Developer/Makefiles
# environment
VSCODE_CODE_CACHE_PATH = /Users/aoueldma/Library/Application Support/Code/CachedData/441438abd1ac652551dbe4d408dfcec8a499b8bf
# environment
LOGNAME = aoueldma
# environment
APPLICATION_INSIGHTS_NO_DIAGNOSTIC_CHANNEL = 1
# environment
VSCODE_HANDLES_UNCAUGHT_ERRORS = true
# automatic
^D = $(patsubst %/,%,$(dir $^))
# environment
XPC_FLAGS = 0x0
# default
MAKE = $(MAKE_COMMAND)
# default
MAKECMDGOALS := all
# makefile (from `makefile', line 4)
SRCS = parsing/args_check/*.c parsing/map_parsing/*.c parsing/ft_get_next_line/*.c *.c raycasting/*.c
# environment
SHLVL = 1
# makefile (from `makefile', line 2)
CC = cc
# default
MAKE_VERSION := 3.81
# environment
USER = aoueldma
# makefile
.DEFAULT_GOAL := all
# makefile (from `makefile', line 1)
NAME = cub3D
# automatic
%D = $(patsubst %/,%,$(dir $%))
# default
MAKE_COMMAND := /Applications/Xcode.app/Contents/Developer/usr/bin/make
# default
.VARIABLES := 
# environment
TMPDIR = /var/folders/zz/zyxvpxvq6csfxvn_n0000jdw0004bg/T/
# automatic
*F = $(notdir $*)
# environment
VSCODE_IPC_HOOK = /Users/aoueldma/Library/Application Support/Code/1.75.1-main.sock
# environment
MallocNanoZone = 0
# makefile
MAKEFLAGS = Rrqp
# environment
MFLAGS = -Rrqp
# automatic
*D = $(patsubst %/,%,$(dir $*))
# environment
XPC_SERVICE_NAME = com.apple.xpc.launchd.oneshot.0x10000001.Electron
# automatic
+D = $(patsubst %/,%,$(dir $+))
# automatic
+F = $(notdir $+)
# environment
__CF_USER_TEXT_ENCODING = 0x116F:0x0:0x0
# environment
COMMAND_MODE = unix2003
# default
MAKEFILES := 
# automatic
<F = $(notdir $<)
# environment
LC_ALL = C
# environment
SECURITYSESSIONID = 186a8
# automatic
^F = $(notdir $^)
# default
SUFFIXES := 
# default
.INCLUDE_DIRS = /usr/local/include
# environment
MAKELEVEL := 0
# environment
LANG = C
# environment
VSCODE_PID = 6926
# variable set hash-table stats:
# Load=63/1024=6%, Rehash=0, Collisions=1/89=1%

# Pattern-specific Variable Values

# No pattern-specific variable values.

# Directories

# . (device 16777227, inode 4527401): 16 files, no impossibilities.

# 16 files, no impossibilities in 1 directories.

# Implicit Rules

# No implicit rules.
 

# Files

all: cub3D
#  Command-line target.
#  Implicit rule search has been done.
#  File does not exist.
#  File has been updated.
#  Successfully updated.
# variable set hash-table stats:
# Load=0/32=0%, Rehash=0, Collisions=0/0=0%

cub3D:
#  Implicit rule search has not been done.
#  Last modified 2023-03-09 16:03:09
#  File has been updated.
#  Successfully updated.
#  commands to execute (from `makefile', line 9):
	@$(CC)  $(CFLAGS) $(SRCS)  -lmlx -framework OpenGL -framework AppKit -o $(NAME)                                                                                                                                                                                                                                     -O3                                                                                  
	@echo YOUR ARE READY TO GO !!!
	

# Not a target:
.SUFFIXES:
#  Implicit rule search has not been done.
#  Modification time never checked.
#  File has not been updated.

# Not a target:
makefile:
#  Implicit rule search has been done.
#  Last modified 2023-03-08 11:51:23
#  File has been updated.
#  Successfully updated.
# variable set hash-table stats:
# Load=0/32=0%, Rehash=0, Collisions=0/0=0%

fclean:
#  Implicit rule search has not been done.
#  Modification time never checked.
#  File has not been updated.
#  commands to execute (from `makefile', line 15):
	@rm -rf $(NAME) $(OBJS)
	@echo RESET ...
	

# Not a target:
.DEFAULT:
#  Implicit rule search has not been done.
#  Modification time never checked.
#  File has not been updated.

re: fclean all
#  Implicit rule search has not been done.
#  Modification time never checked.
#  File has not been updated.

clean:
#  Implicit rule search has not been done.
#  Modification time never checked.
#  File has not been updated.
#  commands to execute (from `makefile', line 12):
	@rm -rf $(OBJS)
	@echo CLEAN !!!
	

# files hash-table stats:
# Load=8/1024=1%, Rehash=0, Collisions=0/24=0%
# VPATH Search Paths

# No `vpath' search paths.

# No general (`VPATH' variable) search path.

# # of strings in strcache: 1
# # of strcache buffers: 1
# strcache size: total = 4096 / max = 4096 / min = 4096 / avg = 4096
# strcache free: total = 4087 / max = 4087 / min = 4087 / avg = 4087

# Finished Make data base on Thu Mar  9 17:32:40 2023

 
